AutoScheduler/app/build/intermediates/manifest_merge_blame_file/debug/manifest-merger-blame-debug-report.txt
1<?xml version="1.0" encoding="utf-8"?>
2<manifest xmlns:android="http://schemas.android.com/apk/res/android"
3    package="com.example.autoscheduler"
4    android:versionCode="1"
5    android:versionName="1.0" >
6
7    <uses-sdk
8        android:minSdkVersion="15"
8-->src/main/AndroidManifest.xml
9        android:targetSdkVersion="29" />
9-->src/main/AndroidManifest.xml
10
11    <uses-permission android:name="android.permission.INTERNET" />
11-->src/main/AndroidManifest.xml:5:5-83
11-->src/main/AndroidManifest.xml:5:22-64
12    <uses-permission android:name="android.permission.ACCESS_NETWORK_STATE" /> <!-- Optional permission for Analytics to run. -->
12-->[com.google.android.gms:play-services-ads-lite:12.0.1] AndroidManifest.xml:24:5-79
12-->[com.google.android.gms:play-services-ads-lite:12.0.1] AndroidManifest.xml:24:22-76
13    <uses-permission android:name="android.permission.WAKE_LOCK" /> <!-- Required by older versions of Google Play services to create GCM registration tokens -->
13-->[com.google.android.gms:play-services-analytics:12.0.1] AndroidManifest.xml:27:5-68
13-->[com.google.android.gms:play-services-analytics:12.0.1] AndroidManifest.xml:27:22-65
14    <uses-permission android:name="com.google.android.c2dm.permission.RECEIVE" />
14-->[com.google.android.gms:play-services-gcm:12.0.1] AndroidManifest.xml:23:5-82
14-->[com.google.android.gms:play-services-gcm:12.0.1] AndroidManifest.xml:23:22-79
15
16    <uses-feature
16-->[com.google.android.gms:play-services-maps:12.0.1] AndroidManifest.xml:26:5-28:35
17        android:glEsVersion="0x00020000"
17-->[com.google.android.gms:play-services-maps:12.0.1] AndroidManifest.xml:27:9-41
18        android:required="true" />
18-->[com.google.android.gms:play-services-maps:12.0.1] AndroidManifest.xml:28:9-32
19
20    <permission
20-->[com.google.firebase:firebase-iid:12.0.1] AndroidManifest.xml:28:5-30:47
21        android:name="com.example.autoscheduler.permission.C2D_MESSAGE"
21-->[com.google.firebase:firebase-iid:12.0.1] AndroidManifest.xml:29:9-63
22        android:protectionLevel="signature" />
22-->[com.google.firebase:firebase-iid:12.0.1] AndroidManifest.xml:30:9-44
23
24    <uses-permission android:name="com.example.autoscheduler.permission.C2D_MESSAGE" />
24-->[com.google.firebase:firebase-iid:12.0.1] AndroidManifest.xml:32:5-79
24-->[com.google.firebase:firebase-iid:12.0.1] AndroidManifest.xml:32:22-76
25
26    <application
26-->src/main/AndroidManifest.xml:7:5-23:19
27        android:allowBackup="true"
27-->src/main/AndroidManifest.xml:8:9-35
28        android:appComponentFactory="androidx.core.app.CoreComponentFactory"
28-->[androidx.core:core:1.1.0] AndroidManifest.xml:24:18-86
29        android:debuggable="true"
30        android:icon="@mipmap/ic_launcher"
30-->src/main/AndroidManifest.xml:9:9-43
31        android:label="@string/app_name"
31-->src/main/AndroidManifest.xml:10:9-41
32        android:roundIcon="@mipmap/ic_launcher_round"
32-->src/main/AndroidManifest.xml:11:9-54
33        android:supportsRtl="true"
33-->src/main/AndroidManifest.xml:12:9-35
34        android:theme="@style/AppTheme" >
34-->src/main/AndroidManifest.xml:13:9-40
35        <activity android:name="com.example.autoscheduler.MainActivity" >
35-->src/main/AndroidManifest.xml:16:9-22:20
35-->src/main/AndroidManifest.xml:16:19-47
36            <intent-filter>
36-->src/main/AndroidManifest.xml:17:13-21:29
37                <action android:name="android.intent.action.MAIN" />
37-->src/main/AndroidManifest.xml:18:17-69
37-->src/main/AndroidManifest.xml:18:25-66
38
39                <category android:name="android.intent.category.LAUNCHER" />
39-->src/main/AndroidManifest.xml:20:17-77
39-->src/main/AndroidManifest.xml:20:27-74
40            </intent-filter>
41        </activity>
42
43        <receiver android:name="com.google.android.gms.cast.framework.media.MediaIntentReceiver" />
43-->[com.google.android.gms:play-services-cast-framework:12.0.1] AndroidManifest.xml:8:9-100
43-->[com.google.android.gms:play-services-cast-framework:12.0.1] AndroidManifest.xml:8:19-97
44
45        <service android:name="com.google.android.gms.cast.framework.media.MediaNotificationService" />
45-->[com.google.android.gms:play-services-cast-framework:12.0.1] AndroidManifest.xml:10:9-104
45-->[com.google.android.gms:play-services-cast-framework:12.0.1] AndroidManifest.xml:10:18-101
46        <service android:name="com.google.android.gms.cast.framework.ReconnectionService" /> <!-- Include the AdActivity and InAppPurchaseActivity configChanges and themes. -->
46-->[com.google.android.gms:play-services-cast-framework:12.0.1] AndroidManifest.xml:11:9-93
46-->[com.google.android.gms:play-services-cast-framework:12.0.1] AndroidManifest.xml:11:18-90
47        <activity
47-->[com.google.android.gms:play-services-ads-lite:12.0.1] AndroidManifest.xml:29:9-33:64
48            android:name="com.google.android.gms.ads.AdActivity"
48-->[com.google.android.gms:play-services-ads-lite:12.0.1] AndroidManifest.xml:30:13-65
49            android:configChanges="keyboard|keyboardHidden|orientation|screenLayout|uiMode|screenSize|smallestScreenSize"
49-->[com.google.android.gms:play-services-ads-lite:12.0.1] AndroidManifest.xml:31:13-122
50            android:exported="false"
50-->[com.google.android.gms:play-services-ads-lite:12.0.1] AndroidManifest.xml:32:13-37
51            android:theme="@android:style/Theme.Translucent" />
51-->[com.google.android.gms:play-services-ads-lite:12.0.1] AndroidManifest.xml:33:13-61
52
53        <receiver
53-->[com.google.android.gms:play-services-analytics:12.0.1] AndroidManifest.xml:30:9-34:20
54            android:name="com.google.android.gms.analytics.AnalyticsReceiver"
54-->[com.google.android.gms:play-services-analytics:12.0.1] AndroidManifest.xml:31:13-78
55            android:enabled="true"
55-->[com.google.android.gms:play-services-analytics:12.0.1] AndroidManifest.xml:32:13-35
56            android:exported="false" >
56-->[com.google.android.gms:play-services-analytics:12.0.1] AndroidManifest.xml:33:13-37
57        </receiver>
58
59        <service
59-->[com.google.android.gms:play-services-analytics:12.0.1] AndroidManifest.xml:36:9-39:40
60            android:name="com.google.android.gms.analytics.AnalyticsService"
60-->[com.google.android.gms:play-services-analytics:12.0.1] AndroidManifest.xml:37:13-77
61            android:enabled="true"
61-->[com.google.android.gms:play-services-analytics:12.0.1] AndroidManifest.xml:38:13-35
62            android:exported="false" />
62-->[com.google.android.gms:play-services-analytics:12.0.1] AndroidManifest.xml:39:13-37
63        <service
63-->[com.google.android.gms:play-services-analytics:12.0.1] AndroidManifest.xml:40:9-44:72
64            android:name="com.google.android.gms.analytics.AnalyticsJobService"
64-->[com.google.android.gms:play-services-analytics:12.0.1] AndroidManifest.xml:41:13-80
65            android:enabled="true"
65-->[com.google.android.gms:play-services-analytics:12.0.1] AndroidManifest.xml:42:13-35
66            android:exported="false"
66-->[com.google.android.gms:play-services-analytics:12.0.1] AndroidManifest.xml:43:13-37
67            android:permission="android.permission.BIND_JOB_SERVICE" />
67-->[com.google.android.gms:play-services-analytics:12.0.1] AndroidManifest.xml:44:13-69
68
69        <activity
69-->[com.google.android.gms:play-services-appinvite:12.0.1] AndroidManifest.xml:25:9-34:20
70            android:name="com.google.android.gms.appinvite.PreviewActivity"
70-->[com.google.android.gms:play-services-appinvite:12.0.1] AndroidManifest.xml:26:13-76
71            android:exported="true"
71-->[com.google.android.gms:play-services-appinvite:12.0.1] AndroidManifest.xml:27:13-36
72            android:theme="@style/Theme.AppInvite.Preview" >
72-->[com.google.android.gms:play-services-appinvite:12.0.1] AndroidManifest.xml:28:13-59
73            <intent-filter>
73-->[com.google.android.gms:play-services-appinvite:12.0.1] AndroidManifest.xml:29:13-33:29
74                <action android:name="com.google.android.gms.appinvite.ACTION_PREVIEW" />
74-->[com.google.android.gms:play-services-appinvite:12.0.1] AndroidManifest.xml:30:17-90
74-->[com.google.android.gms:play-services-appinvite:12.0.1] AndroidManifest.xml:30:25-87
75
76                <category android:name="android.intent.category.DEFAULT" />
76-->[com.google.android.gms:play-services-appinvite:12.0.1] AndroidManifest.xml:32:17-76
76-->[com.google.android.gms:play-services-appinvite:12.0.1] AndroidManifest.xml:32:27-73
77            </intent-filter>
78        </activity>
79        <activity
79-->[com.google.android.gms:play-services-auth:12.0.1] AndroidManifest.xml:23:9-27:75
80            android:name="com.google.android.gms.auth.api.signin.internal.SignInHubActivity"
80-->[com.google.android.gms:play-services-auth:12.0.1] AndroidManifest.xml:24:13-93
81            android:excludeFromRecents="true"
81-->[com.google.android.gms:play-services-auth:12.0.1] AndroidManifest.xml:25:13-46
82            android:exported="false"
82-->[com.google.android.gms:play-services-auth:12.0.1] AndroidManifest.xml:26:13-37
83            android:theme="@android:style/Theme.Translucent.NoTitleBar" />
83-->[com.google.android.gms:play-services-auth:12.0.1] AndroidManifest.xml:27:13-72
84        <!--
85            Service handling Google Sign-In user revocation. For apps that do not integrate with
86            Google Sign-In, this service will never be started.
87        -->
88        <service
88-->[com.google.android.gms:play-services-auth:12.0.1] AndroidManifest.xml:33:9-36:110
89            android:name="com.google.android.gms.auth.api.signin.RevocationBoundService"
89-->[com.google.android.gms:play-services-auth:12.0.1] AndroidManifest.xml:34:13-89
90            android:exported="true"
90-->[com.google.android.gms:play-services-auth:12.0.1] AndroidManifest.xml:35:13-36
91            android:permission="com.google.android.gms.auth.api.signin.permission.REVOCATION_NOTIFICATION" />
91-->[com.google.android.gms:play-services-auth:12.0.1] AndroidManifest.xml:36:13-107
92
93        <activity
93-->[com.google.firebase:firebase-auth:12.0.1] AndroidManifest.xml:23:9-29:75
94            android:name="com.google.firebase.auth.internal.FederatedSignInActivity"
94-->[com.google.firebase:firebase-auth:12.0.1] AndroidManifest.xml:24:13-85
95            android:excludeFromRecents="true"
95-->[com.google.firebase:firebase-auth:12.0.1] AndroidManifest.xml:25:13-46
96            android:exported="true"
96-->[com.google.firebase:firebase-auth:12.0.1] AndroidManifest.xml:26:13-36
97            android:launchMode="singleInstance"
97-->[com.google.firebase:firebase-auth:12.0.1] AndroidManifest.xml:27:13-48
98            android:permission="com.google.firebase.auth.api.gms.permission.LAUNCH_FEDERATED_SIGN_IN"
98-->[com.google.firebase:firebase-auth:12.0.1] AndroidManifest.xml:28:13-102
99            android:theme="@android:style/Theme.Translucent.NoTitleBar" />
99-->[com.google.firebase:firebase-auth:12.0.1] AndroidManifest.xml:29:13-72
100        <activity
100-->[com.google.android.gms:play-services-base:12.0.1] AndroidManifest.xml:23:9-26:75
101            android:name="com.google.android.gms.common.api.GoogleApiActivity"
101-->[com.google.android.gms:play-services-base:12.0.1] AndroidManifest.xml:24:13-79
102            android:exported="false"
102-->[com.google.android.gms:play-services-base:12.0.1] AndroidManifest.xml:25:13-37
103            android:theme="@android:style/Theme.Translucent.NoTitleBar" />
103-->[com.google.android.gms:play-services-base:12.0.1] AndroidManifest.xml:26:13-72
104        <!--
105             FirebaseMessagingService performs security checks at runtime,
106             no need for explicit permissions despite exported="true"
107        -->
108        <service
108-->[com.google.firebase:firebase-messaging:12.0.1] AndroidManifest.xml:28:9-34:19
109            android:name="com.google.firebase.messaging.FirebaseMessagingService"
109-->[com.google.firebase:firebase-messaging:12.0.1] AndroidManifest.xml:29:13-82
110            android:exported="true" >
110-->[com.google.firebase:firebase-messaging:12.0.1] AndroidManifest.xml:30:13-36
111            <intent-filter android:priority="-500" >
111-->[com.google.firebase:firebase-messaging:12.0.1] AndroidManifest.xml:31:13-33:29
111-->[com.google.firebase:firebase-messaging:12.0.1] AndroidManifest.xml:31:28-51
112                <action android:name="com.google.firebase.MESSAGING_EVENT" />
112-->[com.google.firebase:firebase-messaging:12.0.1] AndroidManifest.xml:32:17-78
112-->[com.google.firebase:firebase-messaging:12.0.1] AndroidManifest.xml:32:25-75
113            </intent-filter>
114        </service>
115        <service
115-->[com.google.android.gms:play-services-tagmanager-api:12.0.1] AndroidManifest.xml:27:9-30:40
116            android:name="com.google.android.gms.tagmanager.TagManagerService"
116-->[com.google.android.gms:play-services-tagmanager-api:12.0.1] AndroidManifest.xml:28:13-79
117            android:enabled="true"
117-->[com.google.android.gms:play-services-tagmanager-api:12.0.1] AndroidManifest.xml:29:13-35
118            android:exported="false" />
118-->[com.google.android.gms:play-services-tagmanager-api:12.0.1] AndroidManifest.xml:30:13-37
119
120        <activity
120-->[com.google.android.gms:play-services-tagmanager-api:12.0.1] AndroidManifest.xml:32:9-44:20
121            android:name="com.google.android.gms.tagmanager.TagManagerPreviewActivity"
121-->[com.google.android.gms:play-services-tagmanager-api:12.0.1] AndroidManifest.xml:33:13-87
122            android:exported="true"
122-->[com.google.android.gms:play-services-tagmanager-api:12.0.1] AndroidManifest.xml:34:13-36
123            android:noHistory="true" > <!-- optional, removes the previewActivity from the activity stack. -->
123-->[com.google.android.gms:play-services-tagmanager-api:12.0.1] AndroidManifest.xml:35:13-37
124            <intent-filter>
124-->[com.google.android.gms:play-services-tagmanager-api:12.0.1] AndroidManifest.xml:36:13-43:29
125                <data android:scheme="tagmanager.c.com.example.autoscheduler" />
125-->[com.google.android.gms:play-services-tagmanager-api:12.0.1] AndroidManifest.xml:37:17-72
125-->[com.google.android.gms:play-services-tagmanager-api:12.0.1] AndroidManifest.xml:37:23-69
126
127                <action android:name="android.intent.action.VIEW" />
127-->[com.google.android.gms:play-services-tagmanager-api:12.0.1] AndroidManifest.xml:39:17-69
127-->[com.google.android.gms:play-services-tagmanager-api:12.0.1] AndroidManifest.xml:39:25-66
128
129                <category android:name="android.intent.category.DEFAULT" />
129-->[com.google.android.gms:play-services-appinvite:12.0.1] AndroidManifest.xml:32:17-76
129-->[com.google.android.gms:play-services-appinvite:12.0.1] AndroidManifest.xml:32:27-73
130                <category android:name="android.intent.category.BROWSABLE" />
130-->[com.google.android.gms:play-services-tagmanager-api:12.0.1] AndroidManifest.xml:42:17-78
130-->[com.google.android.gms:play-services-tagmanager-api:12.0.1] AndroidManifest.xml:42:27-75
131            </intent-filter>
132        </activity>
133
134        <receiver
134-->[com.google.firebase:firebase-analytics:12.0.1] AndroidManifest.xml:28:9-32:20
135            android:name="com.google.android.gms.measurement.AppMeasurementReceiver"
135-->[com.google.firebase:firebase-analytics:12.0.1] AndroidManifest.xml:29:13-85
136            android:enabled="true"
136-->[com.google.firebase:firebase-analytics:12.0.1] AndroidManifest.xml:30:13-35
137            android:exported="false" >
137-->[com.google.firebase:firebase-analytics:12.0.1] AndroidManifest.xml:31:13-37
138        </receiver>
139        <receiver
139-->[com.google.firebase:firebase-analytics:12.0.1] AndroidManifest.xml:33:9-41:20
140            android:name="com.google.android.gms.measurement.AppMeasurementInstallReferrerReceiver"
140-->[com.google.firebase:firebase-analytics:12.0.1] AndroidManifest.xml:34:13-100
141            android:enabled="true"
141-->[com.google.firebase:firebase-analytics:12.0.1] AndroidManifest.xml:35:13-35
142            android:exported="true"
142-->[com.google.firebase:firebase-analytics:12.0.1] AndroidManifest.xml:36:13-36
143            android:permission="android.permission.INSTALL_PACKAGES" >
143-->[com.google.firebase:firebase-analytics:12.0.1] AndroidManifest.xml:37:13-69
144            <intent-filter>
144-->[com.google.firebase:firebase-analytics:12.0.1] AndroidManifest.xml:38:13-40:29
145                <action android:name="com.android.vending.INSTALL_REFERRER" />
145-->[com.google.firebase:firebase-analytics:12.0.1] AndroidManifest.xml:39:17-79
145-->[com.google.firebase:firebase-analytics:12.0.1] AndroidManifest.xml:39:25-76
146            </intent-filter>
147        </receiver>
148
149        <service
149-->[com.google.firebase:firebase-analytics:12.0.1] AndroidManifest.xml:43:9-46:40
150            android:name="com.google.android.gms.measurement.AppMeasurementService"
150-->[com.google.firebase:firebase-analytics:12.0.1] AndroidManifest.xml:44:13-84
151            android:enabled="true"
151-->[com.google.firebase:firebase-analytics:12.0.1] AndroidManifest.xml:45:13-35
152            android:exported="false" />
152-->[com.google.firebase:firebase-analytics:12.0.1] AndroidManifest.xml:46:13-37
153        <service
153-->[com.google.firebase:firebase-analytics:12.0.1] AndroidManifest.xml:47:9-51:72
154            android:name="com.google.android.gms.measurement.AppMeasurementJobService"
154-->[com.google.firebase:firebase-analytics:12.0.1] AndroidManifest.xml:48:13-87
155            android:enabled="true"
155-->[com.google.firebase:firebase-analytics:12.0.1] AndroidManifest.xml:49:13-35
156            android:exported="false"
156-->[com.google.firebase:firebase-analytics:12.0.1] AndroidManifest.xml:50:13-37
157            android:permission="android.permission.BIND_JOB_SERVICE" />
157-->[com.google.firebase:firebase-analytics:12.0.1] AndroidManifest.xml:51:13-69
158
159        <receiver
159-->[com.google.firebase:firebase-iid:12.0.1] AndroidManifest.xml:35:9-44:20
160            android:name="com.google.firebase.iid.FirebaseInstanceIdReceiver"
160-->[com.google.firebase:firebase-iid:12.0.1] AndroidManifest.xml:36:13-78
161            android:exported="true"
161-->[com.google.firebase:firebase-iid:12.0.1] AndroidManifest.xml:37:13-36
162            android:permission="com.google.android.c2dm.permission.SEND" >
162-->[com.google.firebase:firebase-iid:12.0.1] AndroidManifest.xml:38:13-73
163            <intent-filter>
163-->[com.google.firebase:firebase-iid:12.0.1] AndroidManifest.xml:39:13-43:29
164                <action android:name="com.google.android.c2dm.intent.RECEIVE" />
164-->[com.google.firebase:firebase-iid:12.0.1] AndroidManifest.xml:40:17-81
164-->[com.google.firebase:firebase-iid:12.0.1] AndroidManifest.xml:40:25-78
165
166                <category android:name="com.example.autoscheduler" />
166-->[com.google.firebase:firebase-iid:12.0.1] AndroidManifest.xml:42:17-61
166-->[com.google.firebase:firebase-iid:12.0.1] AndroidManifest.xml:42:27-58
167            </intent-filter>
168        </receiver>
169        <!--
170             FirebaseInstanceIdService performs security checks at runtime,
171             no need for explicit permissions despite exported="true"
172        -->
173        <service
173-->[com.google.firebase:firebase-iid:12.0.1] AndroidManifest.xml:50:9-56:19
174            android:name="com.google.firebase.iid.FirebaseInstanceIdService"
174-->[com.google.firebase:firebase-iid:12.0.1] AndroidManifest.xml:51:13-77
175            android:exported="true" >
175-->[com.google.firebase:firebase-iid:12.0.1] AndroidManifest.xml:52:13-36
176            <intent-filter android:priority="-500" >
176-->[com.google.firebase:firebase-iid:12.0.1] AndroidManifest.xml:53:13-55:29
176-->[com.google.firebase:firebase-iid:12.0.1] AndroidManifest.xml:53:28-51
177                <action android:name="com.google.firebase.INSTANCE_ID_EVENT" />
177-->[com.google.firebase:firebase-iid:12.0.1] AndroidManifest.xml:54:17-80
177-->[com.google.firebase:firebase-iid:12.0.1] AndroidManifest.xml:54:25-77
178            </intent-filter>
179        </service>
180
181        <provider
181-->[com.google.firebase:firebase-common:12.0.1] AndroidManifest.xml:8:9-12:39
182            android:name="com.google.firebase.provider.FirebaseInitProvider"
182-->[com.google.firebase:firebase-common:12.0.1] AndroidManifest.xml:9:13-77
183            android:authorities="com.example.autoscheduler.firebaseinitprovider"
183-->[com.google.firebase:firebase-common:12.0.1] AndroidManifest.xml:10:13-72
184            android:exported="false"
184-->[com.google.firebase:firebase-common:12.0.1] AndroidManifest.xml:11:13-37
185            android:initOrder="100" />
185-->[com.google.firebase:firebase-common:12.0.1] AndroidManifest.xml:12:13-36
186
187        <meta-data
187-->[com.google.android.gms:play-services-basement:12.0.1] AndroidManifest.xml:23:9-25:69
188            android:name="com.google.android.gms.version"
188-->[com.google.android.gms:play-services-basement:12.0.1] AndroidManifest.xml:24:13-58
189            android:value="@integer/google_play_services_version" />
189-->[com.google.android.gms:play-services-basement:12.0.1] AndroidManifest.xml:25:13-66
190    </application>
191
192</manifest>